[0702/223311.371:ERROR:crash_report_database_win.cc(469)] failed to stat report
[0702/223311.372:ERROR:crash_report_database_win.cc(469)] failed to stat report
[0702/223311.372:ERROR:crash_report_database_win.cc(469)] failed to stat report
[0702/223311.372:ERROR:crash_report_database_win.cc(469)] failed to stat report
[0702/223311.372:ERROR:crash_report_database_win.cc(469)] failed to stat report
[0702/223311.372:ERROR:crash_report_database_win.cc(469)] failed to stat report
[0702/223311.372:ERROR:crash_report_database_win.cc(469)] failed to stat report
[0702/223311.372:ERROR:crash_report_database_win.cc(469)] failed to stat report
[0702/223311.372:ERROR:crash_report_database_win.cc(469)] failed to stat report
[0702/223311.373:ERROR:crash_report_database_win.cc(469)] failed to stat report
[0702/223311.377:ERROR:crash_report_database_win.cc(469)] failed to stat report
[0702/223311.377:ERROR:crash_report_database_win.cc(469)] failed to stat report
[0702/223311.378:ERROR:crash_report_database_win.cc(469)] failed to stat report
[0702/223311.378:ERROR:crash_report_database_win.cc(469)] failed to stat report
[0702/223311.378:ERROR:crash_report_database_win.cc(469)] failed to stat report
[0702/223311.378:ERROR:crash_report_database_win.cc(469)] failed to stat report
[0702/223311.378:ERROR:crash_report_database_win.cc(469)] failed to stat report
[0702/223311.378:ERROR:crash_report_database_win.cc(469)] failed to stat report
[0702/223311.378:ERROR:crash_report_database_win.cc(469)] failed to stat report
[0702/223311.378:ERROR:crash_report_database_win.cc(469)] failed to stat report
[0702/223311.378:ERROR:crash_report_database_win.cc(469)] failed to stat report
[0702/223311.378:ERROR:crash_report_database_win.cc(469)] failed to stat report
[0702/223311.378:ERROR:crash_report_database_win.cc(469)] failed to stat report
[0702/223311.378:ERROR:crash_report_database_win.cc(469)] failed to stat report
[0702/223311.378:ERROR:crash_report_database_win.cc(469)] failed to stat report
[0702/223311.378:ERROR:crash_report_database_win.cc(469)] failed to stat report
[0702/223311.378:ERROR:crash_report_database_win.cc(469)] failed to stat report
[0702/223311.378:ERROR:crash_report_database_win.cc(469)] failed to stat report
[0702/223311.378:ERROR:crash_report_database_win.cc(469)] failed to stat report
[0702/223311.378:ERROR:crash_report_database_win.cc(469)] failed to stat report
[0702/223311.378:ERROR:crash_report_database_win.cc(469)] failed to stat report
[0702/223311.378:ERROR:crash_report_database_win.cc(469)] failed to stat report
[0702/223311.378:ERROR:crash_report_database_win.cc(469)] failed to stat report
[0702/223311.378:ERROR:crash_report_database_win.cc(469)] failed to stat report
[0702/223311.378:ERROR:crash_report_database_win.cc(469)] failed to stat report
[0702/223311.378:ERROR:crash_report_database_win.cc(469)] failed to stat report
[0702/223311.378:ERROR:crash_report_database_win.cc(469)] failed to stat report
[0702/223311.378:ERROR:crash_report_database_win.cc(469)] failed to stat report
[0702/223311.379:ERROR:crash_report_database_win.cc(469)] failed to stat report
[0702/223311.379:ERROR:crash_report_database_win.cc(469)] failed to stat report
[0702/223311.379:ERROR:crash_report_database_win.cc(469)] failed to stat report
[0702/223311.379:ERROR:crash_report_database_win.cc(469)] failed to stat report
[0702/223311.379:ERROR:crash_report_database_win.cc(469)] failed to stat report
[0702/224311.371:ERROR:crash_report_database_win.cc(469)] failed to stat report
[0702/224311.371:ERROR:crash_report_database_win.cc(469)] failed to stat report
[0702/224311.371:ERROR:crash_report_database_win.cc(469)] failed to stat report
[0702/224311.371:ERROR:crash_report_database_win.cc(469)] failed to stat report
[0702/224311.371:ERROR:crash_report_database_win.cc(469)] failed to stat report
[0702/224311.371:ERROR:crash_report_database_win.cc(469)] failed to stat report
[0702/224311.371:ERROR:crash_report_database_win.cc(469)] failed to stat report
[0702/224311.371:ERROR:crash_report_database_win.cc(469)] failed to stat report
[0702/224311.371:ERROR:crash_report_database_win.cc(469)] failed to stat report
[0702/224311.372:ERROR:crash_report_database_win.cc(469)] failed to stat report
[0702/224311.372:ERROR:crash_report_database_win.cc(469)] failed to stat report
[0702/224311.372:ERROR:crash_report_database_win.cc(469)] failed to stat report
[0702/224311.372:ERROR:crash_report_database_win.cc(469)] failed to stat report
[0702/224311.372:ERROR:crash_report_database_win.cc(469)] failed to stat report
[0702/224311.372:ERROR:crash_report_database_win.cc(469)] failed to stat report
[0702/224311.372:ERROR:crash_report_database_win.cc(469)] failed to stat report
[0702/224311.372:ERROR:crash_report_database_win.cc(469)] failed to stat report
[0702/224311.372:ERROR:crash_report_database_win.cc(469)] failed to stat report
[0702/224311.372:ERROR:crash_report_database_win.cc(469)] failed to stat report
[0702/224311.372:ERROR:crash_report_database_win.cc(469)] failed to stat report
[0702/224311.372:ERROR:crash_report_database_win.cc(469)] failed to stat report
[0702/224311.372:ERROR:crash_report_database_win.cc(469)] failed to stat report
[0702/224311.372:ERROR:crash_report_database_win.cc(469)] failed to stat report
[0702/224311.372:ERROR:crash_report_database_win.cc(469)] failed to stat report
[0702/224311.372:ERROR:crash_report_database_win.cc(469)] failed to stat report
[0702/224311.372:ERROR:crash_report_database_win.cc(469)] failed to stat report
[0702/224311.372:ERROR:crash_report_database_win.cc(469)] failed to stat report
[0702/224311.372:ERROR:crash_report_database_win.cc(469)] failed to stat report
[0702/224311.372:ERROR:crash_report_database_win.cc(469)] failed to stat report
[0702/224311.372:ERROR:crash_report_database_win.cc(469)] failed to stat report
[0702/224311.372:ERROR:crash_report_database_win.cc(469)] failed to stat report
[0702/224311.372:ERROR:crash_report_database_win.cc(469)] failed to stat report
[0702/224311.372:ERROR:crash_report_database_win.cc(469)] failed to stat report
[0702/224311.373:ERROR:crash_report_database_win.cc(469)] failed to stat report
[0702/224311.373:ERROR:crash_report_database_win.cc(469)] failed to stat report
[0702/224311.373:ERROR:crash_report_database_win.cc(469)] failed to stat report
[0702/224311.373:ERROR:crash_report_database_win.cc(469)] failed to stat report
[0702/224311.373:ERROR:crash_report_database_win.cc(469)] failed to stat report
[0702/224311.373:ERROR:crash_report_database_win.cc(469)] failed to stat report
[0702/224311.373:ERROR:crash_report_database_win.cc(469)] failed to stat report
[0702/224311.373:ERROR:crash_report_database_win.cc(469)] failed to stat report
[0702/224311.373:ERROR:crash_report_database_win.cc(469)] failed to stat report
[0702/224311.373:ERROR:crash_report_database_win.cc(469)] failed to stat report
[0702/224311.373:ERROR:crash_report_database_win.cc(469)] failed to stat report
[0702/224311.373:ERROR:crash_report_database_win.cc(469)] failed to stat report
[0702/224311.373:ERROR:crash_report_database_win.cc(469)] failed to stat report
[0702/224311.373:ERROR:crash_report_database_win.cc(469)] failed to stat report
[0702/224311.373:ERROR:crash_report_database_win.cc(469)] failed to stat report
[0702/224311.373:ERROR:crash_report_database_win.cc(469)] failed to stat report
[0702/224311.373:ERROR:crash_report_database_win.cc(469)] failed to stat report
[0702/224311.373:ERROR:crash_report_database_win.cc(469)] failed to stat report
[0702/224311.374:ERROR:crash_report_database_win.cc(469)] failed to stat report
[0702/224311.374:ERROR:crash_report_database_win.cc(469)] failed to stat report
[0702/224311.374:ERROR:crash_report_database_win.cc(469)] failed to stat report
[0702/224311.374:ERROR:crash_report_database_win.cc(469)] failed to stat report
[0702/224311.374:ERROR:crash_report_database_win.cc(469)] failed to stat report
[0702/224311.374:ERROR:crash_report_database_win.cc(469)] failed to stat report
[0702/224311.374:ERROR:crash_report_database_win.cc(469)] failed to stat report
[0702/224311.374:ERROR:crash_report_database_win.cc(469)] failed to stat report
[0702/224311.374:ERROR:crash_report_database_win.cc(469)] failed to stat report
[0702/224311.374:ERROR:crash_report_database_win.cc(469)] failed to stat report
[0702/224311.374:ERROR:crash_report_database_win.cc(469)] failed to stat report
[0702/224311.374:ERROR:crash_report_database_win.cc(469)] failed to stat report
[0702/224311.374:ERROR:crash_report_database_win.cc(469)] failed to stat report
[0702/224311.374:ERROR:crash_report_database_win.cc(469)] failed to stat report
[0702/224311.374:ERROR:crash_report_database_win.cc(469)] failed to stat report
[0702/224311.374:ERROR:crash_report_database_win.cc(469)] failed to stat report
[0702/224311.374:ERROR:crash_report_database_win.cc(469)] failed to stat report
[0702/224311.374:ERROR:crash_report_database_win.cc(469)] failed to stat report
[0702/224311.374:ERROR:crash_report_database_win.cc(469)] failed to stat report
[0702/224311.374:ERROR:crash_report_database_win.cc(469)] failed to stat report
[0702/224311.374:ERROR:crash_report_database_win.cc(469)] failed to stat report
[0702/224311.374:ERROR:crash_report_database_win.cc(469)] failed to stat report
[0702/224311.375:ERROR:crash_report_database_win.cc(469)] failed to stat report
[0702/224311.375:ERROR:crash_report_database_win.cc(469)] failed to stat report
[0702/224311.375:ERROR:crash_report_database_win.cc(469)] failed to stat report
[0702/224311.375:ERROR:crash_report_database_win.cc(469)] failed to stat report
[0702/224311.375:ERROR:crash_report_database_win.cc(469)] failed to stat report
[0702/224311.375:ERROR:crash_report_database_win.cc(469)] failed to stat report
[0702/224311.375:ERROR:crash_report_database_win.cc(469)] failed to stat report
[0702/224311.375:ERROR:crash_report_database_win.cc(469)] failed to stat report
[0702/224311.375:ERROR:crash_report_database_win.cc(469)] failed to stat report
[0702/224311.375:ERROR:crash_report_database_win.cc(469)] failed to stat report
[0702/224311.375:ERROR:crash_report_database_win.cc(469)] failed to stat report
[0702/224311.375:ERROR:crash_report_database_win.cc(469)] failed to stat report
[0702/224311.375:ERROR:crash_report_database_win.cc(469)] failed to stat report
[0702/224811.380:ERROR:crash_report_database_win.cc(469)] failed to stat report
[0702/224811.380:ERROR:crash_report_database_win.cc(469)] failed to stat report
[0702/224811.380:ERROR:crash_report_database_win.cc(469)] failed to stat report
[0702/224811.380:ERROR:crash_report_database_win.cc(469)] failed to stat report
[0702/224811.380:ERROR:crash_report_database_win.cc(469)] failed to stat report
[0702/224811.380:ERROR:crash_report_database_win.cc(469)] failed to stat report
[0702/224811.380:ERROR:crash_report_database_win.cc(469)] failed to stat report
[0702/224811.380:ERROR:crash_report_database_win.cc(469)] failed to stat report
[0702/224811.380:ERROR:crash_report_database_win.cc(469)] failed to stat report
[0702/224811.380:ERROR:crash_report_database_win.cc(469)] failed to stat report
[0702/224811.380:ERROR:crash_report_database_win.cc(469)] failed to stat report
[0702/224811.380:ERROR:crash_report_database_win.cc(469)] failed to stat report
[0702/224811.380:ERROR:crash_report_database_win.cc(469)] failed to stat report
[0702/224811.381:ERROR:crash_report_database_win.cc(469)] failed to stat report
[0702/224811.381:ERROR:crash_report_database_win.cc(469)] failed to stat report
[0702/224811.381:ERROR:crash_report_database_win.cc(469)] failed to stat report
[0702/224811.381:ERROR:crash_report_database_win.cc(469)] failed to stat report
[0702/224811.381:ERROR:crash_report_database_win.cc(469)] failed to stat report
[0702/224811.381:ERROR:crash_report_database_win.cc(469)] failed to stat report
[0702/224811.381:ERROR:crash_report_database_win.cc(469)] failed to stat report
[0702/224811.381:ERROR:crash_report_database_win.cc(469)] failed to stat report
[0702/224811.381:ERROR:crash_report_database_win.cc(469)] failed to stat report
[0702/224811.381:ERROR:crash_report_database_win.cc(469)] failed to stat report
[0702/224811.381:ERROR:crash_report_database_win.cc(469)] failed to stat report
[0702/224811.381:ERROR:crash_report_database_win.cc(469)] failed to stat report
[0702/224811.381:ERROR:crash_report_database_win.cc(469)] failed to stat report
[0702/224811.381:ERROR:crash_report_database_win.cc(469)] failed to stat report
[0702/224811.381:ERROR:crash_report_database_win.cc(469)] failed to stat report
[0702/224811.382:ERROR:crash_report_database_win.cc(469)] failed to stat report
[0702/224811.382:ERROR:crash_report_database_win.cc(469)] failed to stat report
[0702/224811.382:ERROR:crash_report_database_win.cc(469)] failed to stat report
[0702/224811.382:ERROR:crash_report_database_win.cc(469)] failed to stat report
[0702/224811.382:ERROR:crash_report_database_win.cc(469)] failed to stat report
[0702/224811.382:ERROR:crash_report_database_win.cc(469)] failed to stat report
[0702/224811.382:ERROR:crash_report_database_win.cc(469)] failed to stat report
[0702/224811.382:ERROR:crash_report_database_win.cc(469)] failed to stat report
[0702/224811.382:ERROR:crash_report_database_win.cc(469)] failed to stat report
[0702/224811.382:ERROR:crash_report_database_win.cc(469)] failed to stat report
[0702/224811.382:ERROR:crash_report_database_win.cc(469)] failed to stat report
[0702/224811.382:ERROR:crash_report_database_win.cc(469)] failed to stat report
[0702/224811.382:ERROR:crash_report_database_win.cc(469)] failed to stat report
[0702/224811.382:ERROR:crash_report_database_win.cc(469)] failed to stat report
[0702/224811.382:ERROR:crash_report_database_win.cc(469)] failed to stat report
<<<<<<< HEAD
[0703/213339.142:ERROR:crash_report_database_win.cc(469)] failed to stat report
[0703/213339.144:ERROR:crash_report_database_win.cc(469)] failed to stat report
[0703/213339.144:ERROR:crash_report_database_win.cc(469)] failed to stat report
[0703/213339.145:ERROR:crash_report_database_win.cc(469)] failed to stat report
[0703/213339.145:ERROR:crash_report_database_win.cc(469)] failed to stat report
[0708/182835.318:ERROR:crash_report_database_win.cc(469)] failed to stat report
[0708/182835.334:ERROR:crash_report_database_win.cc(469)] failed to stat report
[0708/182835.334:ERROR:crash_report_database_win.cc(469)] failed to stat report
[0708/182835.334:ERROR:crash_report_database_win.cc(469)] failed to stat report
[0708/182835.334:ERROR:crash_report_database_win.cc(469)] failed to stat report
[0708/183835.320:ERROR:crash_report_database_win.cc(469)] failed to stat report
[0708/183835.322:ERROR:crash_report_database_win.cc(469)] failed to stat report
[0708/183835.322:ERROR:crash_report_database_win.cc(469)] failed to stat report
[0708/183835.323:ERROR:crash_report_database_win.cc(469)] failed to stat report
[0708/183835.323:ERROR:crash_report_database_win.cc(469)] failed to stat report
[0708/183835.324:ERROR:crash_report_database_win.cc(469)] failed to stat report
[0708/183835.324:ERROR:crash_report_database_win.cc(469)] failed to stat report
[0708/183835.324:ERROR:crash_report_database_win.cc(469)] failed to stat report
[0708/183835.324:ERROR:crash_report_database_win.cc(469)] failed to stat report
[0708/183835.324:ERROR:crash_report_database_win.cc(469)] failed to stat report
[0708/184335.861:ERROR:crash_report_database_win.cc(469)] failed to stat report
[0708/184335.863:ERROR:crash_report_database_win.cc(469)] failed to stat report
[0708/184335.863:ERROR:crash_report_database_win.cc(469)] failed to stat report
[0708/184335.864:ERROR:crash_report_database_win.cc(469)] failed to stat report
[0708/184335.864:ERROR:crash_report_database_win.cc(469)] failed to stat report
[0708/185835.867:ERROR:crash_report_database_win.cc(469)] failed to stat report
[0708/185835.867:ERROR:crash_report_database_win.cc(469)] failed to stat report
[0708/185835.867:ERROR:crash_report_database_win.cc(469)] failed to stat report
[0708/185835.867:ERROR:crash_report_database_win.cc(469)] failed to stat report
[0708/185835.867:ERROR:crash_report_database_win.cc(469)] failed to stat report
[0708/191335.899:ERROR:crash_report_database_win.cc(469)] failed to stat report
[0708/191335.904:ERROR:crash_report_database_win.cc(469)] failed to stat report
[0708/191335.905:ERROR:crash_report_database_win.cc(469)] failed to stat report
[0708/191335.905:ERROR:crash_report_database_win.cc(469)] failed to stat report
[0708/191335.905:ERROR:crash_report_database_win.cc(469)] failed to stat report
[0708/203937.445:ERROR:crash_report_database_win.cc(469)] failed to stat report
[0708/203937.447:ERROR:crash_report_database_win.cc(469)] failed to stat report
[0708/203937.447:ERROR:crash_report_database_win.cc(469)] failed to stat report
[0708/203937.447:ERROR:crash_report_database_win.cc(469)] failed to stat report
[0708/203937.447:ERROR:crash_report_database_win.cc(469)] failed to stat report
[0708/204937.459:ERROR:crash_report_database_win.cc(469)] failed to stat report
[0708/204937.461:ERROR:crash_report_database_win.cc(469)] failed to stat report
[0708/204937.462:ERROR:crash_report_database_win.cc(469)] failed to stat report
[0708/204937.462:ERROR:crash_report_database_win.cc(469)] failed to stat report
[0708/204937.462:ERROR:crash_report_database_win.cc(469)] failed to stat report
[0708/204937.464:ERROR:crash_report_database_win.cc(469)] failed to stat report
[0708/204937.464:ERROR:crash_report_database_win.cc(469)] failed to stat report
[0708/204937.464:ERROR:crash_report_database_win.cc(469)] failed to stat report
[0708/204937.464:ERROR:crash_report_database_win.cc(469)] failed to stat report
[0708/204937.464:ERROR:crash_report_database_win.cc(469)] failed to stat report
[0708/205437.469:ERROR:crash_report_database_win.cc(469)] failed to stat report
[0708/205437.470:ERROR:crash_report_database_win.cc(469)] failed to stat report
[0708/205437.470:ERROR:crash_report_database_win.cc(469)] failed to stat report
[0708/205437.470:ERROR:crash_report_database_win.cc(469)] failed to stat report
[0708/205437.470:ERROR:crash_report_database_win.cc(469)] failed to stat report
[0708/210937.482:ERROR:crash_report_database_win.cc(469)] failed to stat report
[0708/210937.484:ERROR:crash_report_database_win.cc(469)] failed to stat report
[0708/210937.484:ERROR:crash_report_database_win.cc(469)] failed to stat report
[0708/210937.484:ERROR:crash_report_database_win.cc(469)] failed to stat report
[0708/210937.484:ERROR:crash_report_database_win.cc(469)] failed to stat report
[0708/212437.495:ERROR:crash_report_database_win.cc(469)] failed to stat report
[0708/212437.496:ERROR:crash_report_database_win.cc(469)] failed to stat report
[0708/212437.496:ERROR:crash_report_database_win.cc(469)] failed to stat report
[0708/212437.496:ERROR:crash_report_database_win.cc(469)] failed to stat report
[0708/212437.496:ERROR:crash_report_database_win.cc(469)] failed to stat report
[0708/213937.523:ERROR:crash_report_database_win.cc(469)] failed to stat report
[0708/213937.524:ERROR:crash_report_database_win.cc(469)] failed to stat report
[0708/213937.524:ERROR:crash_report_database_win.cc(469)] failed to stat report
[0708/213937.524:ERROR:crash_report_database_win.cc(469)] failed to stat report
[0708/213937.524:ERROR:crash_report_database_win.cc(469)] failed to stat report
[0708/215437.531:ERROR:crash_report_database_win.cc(469)] failed to stat report
[0708/215437.531:ERROR:crash_report_database_win.cc(469)] failed to stat report
[0708/215437.531:ERROR:crash_report_database_win.cc(469)] failed to stat report
[0708/215437.531:ERROR:crash_report_database_win.cc(469)] failed to stat report
[0708/215437.531:ERROR:crash_report_database_win.cc(469)] failed to stat report
=======
[0708/205225.146:ERROR:crash_report_database_win.cc(469)] failed to stat report
[0708/205225.146:ERROR:crash_report_database_win.cc(469)] failed to stat report
[0708/205225.146:ERROR:crash_report_database_win.cc(469)] failed to stat report
[0708/205225.146:ERROR:crash_report_database_win.cc(469)] failed to stat report
[0708/205225.146:ERROR:crash_report_database_win.cc(469)] failed to stat report
[0708/205225.146:ERROR:crash_report_database_win.cc(469)] failed to stat report
[0716/230552.929:ERROR:crash_report_database_win.cc(469)] failed to stat report
[0716/230552.929:ERROR:crash_report_database_win.cc(469)] failed to stat report
[0716/230552.929:ERROR:crash_report_database_win.cc(469)] failed to stat report
[0716/230552.929:ERROR:crash_report_database_win.cc(469)] failed to stat report
[0716/230552.930:ERROR:crash_report_database_win.cc(469)] failed to stat report
[0716/230552.930:ERROR:crash_report_database_win.cc(469)] failed to stat report
[0716/230552.930:ERROR:crash_report_database_win.cc(469)] failed to stat report
[0716/230552.930:ERROR:crash_report_database_win.cc(469)] failed to stat report
[0716/230552.930:ERROR:crash_report_database_win.cc(469)] failed to stat report
[0716/230552.930:ERROR:crash_report_database_win.cc(469)] failed to stat report
[0716/230552.930:ERROR:crash_report_database_win.cc(469)] failed to stat report
[0716/230552.930:ERROR:crash_report_database_win.cc(469)] failed to stat report
[0716/230552.930:ERROR:crash_report_database_win.cc(469)] failed to stat report
[0716/230552.930:ERROR:crash_report_database_win.cc(469)] failed to stat report
[0716/230552.930:ERROR:crash_report_database_win.cc(469)] failed to stat report
[0716/230552.930:ERROR:crash_report_database_win.cc(469)] failed to stat report
[0716/230552.930:ERROR:crash_report_database_win.cc(469)] failed to stat report
[0716/230552.930:ERROR:crash_report_database_win.cc(469)] failed to stat report
[0716/230552.930:ERROR:crash_report_database_win.cc(469)] failed to stat report
[0716/230552.930:ERROR:crash_report_database_win.cc(469)] failed to stat report
[0716/230552.930:ERROR:crash_report_database_win.cc(469)] failed to stat report
[0716/230552.930:ERROR:crash_report_database_win.cc(469)] failed to stat report
[0716/230552.930:ERROR:crash_report_database_win.cc(469)] failed to stat report
[0716/230552.930:ERROR:crash_report_database_win.cc(469)] failed to stat report
[0716/230552.930:ERROR:crash_report_database_win.cc(469)] failed to stat report
[0716/230552.930:ERROR:crash_report_database_win.cc(469)] failed to stat report
[0716/230552.930:ERROR:crash_report_database_win.cc(469)] failed to stat report
[0716/230552.930:ERROR:crash_report_database_win.cc(469)] failed to stat report
[0716/230552.931:ERROR:crash_report_database_win.cc(469)] failed to stat report
[0716/230552.931:ERROR:crash_report_database_win.cc(469)] failed to stat report
[0716/230552.931:ERROR:crash_report_database_win.cc(469)] failed to stat report
[0716/230552.931:ERROR:crash_report_database_win.cc(469)] failed to stat report
[0716/230552.931:ERROR:crash_report_database_win.cc(469)] failed to stat report
[0716/230552.931:ERROR:crash_report_database_win.cc(469)] failed to stat report
[0716/230552.931:ERROR:crash_report_database_win.cc(469)] failed to stat report
[0716/230552.931:ERROR:crash_report_database_win.cc(469)] failed to stat report
[0716/230552.931:ERROR:crash_report_database_win.cc(469)] failed to stat report
[0716/230552.931:ERROR:crash_report_database_win.cc(469)] failed to stat report
[0716/230552.931:ERROR:crash_report_database_win.cc(469)] failed to stat report
[0716/230552.931:ERROR:crash_report_database_win.cc(469)] failed to stat report
[0716/230552.931:ERROR:crash_report_database_win.cc(469)] failed to stat report
[0716/230552.931:ERROR:crash_report_database_win.cc(469)] failed to stat report
[0716/230552.931:ERROR:crash_report_database_win.cc(469)] failed to stat report
[0716/230949.593:ERROR:crash_report_database_win.cc(469)] failed to stat report
[0716/230949.594:ERROR:crash_report_database_win.cc(469)] failed to stat report
[0716/230949.594:ERROR:crash_report_database_win.cc(469)] failed to stat report
[0716/230949.594:ERROR:crash_report_database_win.cc(469)] failed to stat report
[0716/230949.594:ERROR:crash_report_database_win.cc(469)] failed to stat report
[0716/230949.594:ERROR:crash_report_database_win.cc(469)] failed to stat report
[0716/230949.594:ERROR:crash_report_database_win.cc(469)] failed to stat report
[0716/230949.594:ERROR:crash_report_database_win.cc(469)] failed to stat report
[0716/230949.594:ERROR:crash_report_database_win.cc(469)] failed to stat report
[0716/230949.594:ERROR:crash_report_database_win.cc(469)] failed to stat report
[0716/230949.594:ERROR:crash_report_database_win.cc(469)] failed to stat report
[0716/230949.594:ERROR:crash_report_database_win.cc(469)] failed to stat report
[0716/230949.594:ERROR:crash_report_database_win.cc(469)] failed to stat report
[0716/230949.594:ERROR:crash_report_database_win.cc(469)] failed to stat report
[0716/230949.594:ERROR:crash_report_database_win.cc(469)] failed to stat report
[0716/230949.595:ERROR:crash_report_database_win.cc(469)] failed to stat report
[0716/230949.595:ERROR:crash_report_database_win.cc(469)] failed to stat report
[0716/230949.595:ERROR:crash_report_database_win.cc(469)] failed to stat report
[0716/230949.595:ERROR:crash_report_database_win.cc(469)] failed to stat report
[0716/230949.595:ERROR:crash_report_database_win.cc(469)] failed to stat report
[0716/230949.595:ERROR:crash_report_database_win.cc(469)] failed to stat report
[0716/230949.595:ERROR:crash_report_database_win.cc(469)] failed to stat report
[0716/230949.595:ERROR:crash_report_database_win.cc(469)] failed to stat report
[0716/230949.595:ERROR:crash_report_database_win.cc(469)] failed to stat report
[0716/230949.595:ERROR:crash_report_database_win.cc(469)] failed to stat report
[0716/230949.595:ERROR:crash_report_database_win.cc(469)] failed to stat report
[0716/230949.595:ERROR:crash_report_database_win.cc(469)] failed to stat report
[0716/230949.595:ERROR:crash_report_database_win.cc(469)] failed to stat report
[0716/230949.595:ERROR:crash_report_database_win.cc(469)] failed to stat report
[0716/230949.595:ERROR:crash_report_database_win.cc(469)] failed to stat report
[0716/230949.595:ERROR:crash_report_database_win.cc(469)] failed to stat report
[0716/230949.595:ERROR:crash_report_database_win.cc(469)] failed to stat report
[0716/230949.595:ERROR:crash_report_database_win.cc(469)] failed to stat report
[0716/230949.595:ERROR:crash_report_database_win.cc(469)] failed to stat report
[0716/230949.596:ERROR:crash_report_database_win.cc(469)] failed to stat report
[0716/230949.596:ERROR:crash_report_database_win.cc(469)] failed to stat report
[0716/230949.596:ERROR:crash_report_database_win.cc(469)] failed to stat report
[0716/230949.596:ERROR:crash_report_database_win.cc(469)] failed to stat report
[0716/230949.596:ERROR:crash_report_database_win.cc(469)] failed to stat report
[0716/230949.596:ERROR:crash_report_database_win.cc(469)] failed to stat report
[0716/230949.596:ERROR:crash_report_database_win.cc(469)] failed to stat report
[0716/230949.596:ERROR:crash_report_database_win.cc(469)] failed to stat report
[0716/230949.596:ERROR:crash_report_database_win.cc(469)] failed to stat report
[0716/231024.188:ERROR:crash_report_database_win.cc(469)] failed to stat report
[0716/231024.189:ERROR:crash_report_database_win.cc(469)] failed to stat report
[0716/231024.189:ERROR:crash_report_database_win.cc(469)] failed to stat report
[0716/231024.189:ERROR:crash_report_database_win.cc(469)] failed to stat report
[0716/231024.189:ERROR:crash_report_database_win.cc(469)] failed to stat report
[0716/231024.189:ERROR:crash_report_database_win.cc(469)] failed to stat report
[0716/231024.189:ERROR:crash_report_database_win.cc(469)] failed to stat report
[0716/231024.189:ERROR:crash_report_database_win.cc(469)] failed to stat report
[0716/231024.189:ERROR:crash_report_database_win.cc(469)] failed to stat report
[0716/231024.189:ERROR:crash_report_database_win.cc(469)] failed to stat report
[0716/231024.189:ERROR:crash_report_database_win.cc(469)] failed to stat report
[0716/231024.189:ERROR:crash_report_database_win.cc(469)] failed to stat report
[0716/231024.189:ERROR:crash_report_database_win.cc(469)] failed to stat report
[0716/231024.189:ERROR:crash_report_database_win.cc(469)] failed to stat report
[0716/231024.189:ERROR:crash_report_database_win.cc(469)] failed to stat report
[0716/231024.189:ERROR:crash_report_database_win.cc(469)] failed to stat report
[0716/231024.189:ERROR:crash_report_database_win.cc(469)] failed to stat report
[0716/231024.189:ERROR:crash_report_database_win.cc(469)] failed to stat report
[0716/231024.189:ERROR:crash_report_database_win.cc(469)] failed to stat report
[0716/231024.189:ERROR:crash_report_database_win.cc(469)] failed to stat report
[0716/231024.189:ERROR:crash_report_database_win.cc(469)] failed to stat report
[0716/231024.189:ERROR:crash_report_database_win.cc(469)] failed to stat report
[0716/231024.190:ERROR:crash_report_database_win.cc(469)] failed to stat report
[0716/231024.190:ERROR:crash_report_database_win.cc(469)] failed to stat report
[0716/231024.190:ERROR:crash_report_database_win.cc(469)] failed to stat report
[0716/231024.190:ERROR:crash_report_database_win.cc(469)] failed to stat report
[0716/231024.190:ERROR:crash_report_database_win.cc(469)] failed to stat report
[0716/231024.190:ERROR:crash_report_database_win.cc(469)] failed to stat report
[0716/231024.190:ERROR:crash_report_database_win.cc(469)] failed to stat report
[0716/231024.190:ERROR:crash_report_database_win.cc(469)] failed to stat report
[0716/231024.190:ERROR:crash_report_database_win.cc(469)] failed to stat report
[0716/231024.190:ERROR:crash_report_database_win.cc(469)] failed to stat report
[0716/231024.190:ERROR:crash_report_database_win.cc(469)] failed to stat report
[0716/231024.190:ERROR:crash_report_database_win.cc(469)] failed to stat report
[0716/231024.190:ERROR:crash_report_database_win.cc(469)] failed to stat report
[0716/231024.190:ERROR:crash_report_database_win.cc(469)] failed to stat report
[0716/231024.190:ERROR:crash_report_database_win.cc(469)] failed to stat report
[0716/231024.190:ERROR:crash_report_database_win.cc(469)] failed to stat report
[0716/231024.190:ERROR:crash_report_database_win.cc(469)] failed to stat report
[0716/231024.190:ERROR:crash_report_database_win.cc(469)] failed to stat report
[0716/231024.190:ERROR:crash_report_database_win.cc(469)] failed to stat report
[0716/231024.190:ERROR:crash_report_database_win.cc(469)] failed to stat report
[0716/231024.190:ERROR:crash_report_database_win.cc(469)] failed to stat report
[0716/231710.199:ERROR:crash_report_database_win.cc(469)] failed to stat report
[0716/231710.200:ERROR:crash_report_database_win.cc(469)] failed to stat report
[0716/231710.200:ERROR:crash_report_database_win.cc(469)] failed to stat report
[0716/231710.200:ERROR:crash_report_database_win.cc(469)] failed to stat report
[0716/231710.200:ERROR:crash_report_database_win.cc(469)] failed to stat report
[0716/231710.200:ERROR:crash_report_database_win.cc(469)] failed to stat report
[0716/231710.200:ERROR:crash_report_database_win.cc(469)] failed to stat report
[0716/231710.200:ERROR:crash_report_database_win.cc(469)] failed to stat report
[0716/231710.200:ERROR:crash_report_database_win.cc(469)] failed to stat report
[0716/231710.200:ERROR:crash_report_database_win.cc(469)] failed to stat report
[0716/231710.200:ERROR:crash_report_database_win.cc(469)] failed to stat report
[0716/231710.200:ERROR:crash_report_database_win.cc(469)] failed to stat report
[0716/231710.200:ERROR:crash_report_database_win.cc(469)] failed to stat report
[0716/231710.200:ERROR:crash_report_database_win.cc(469)] failed to stat report
[0716/231710.200:ERROR:crash_report_database_win.cc(469)] failed to stat report
[0716/231710.200:ERROR:crash_report_database_win.cc(469)] failed to stat report
[0716/231710.200:ERROR:crash_report_database_win.cc(469)] failed to stat report
[0716/231710.200:ERROR:crash_report_database_win.cc(469)] failed to stat report
[0716/231710.200:ERROR:crash_report_database_win.cc(469)] failed to stat report
[0716/231710.200:ERROR:crash_report_database_win.cc(469)] failed to stat report
[0716/231710.200:ERROR:crash_report_database_win.cc(469)] failed to stat report
[0716/231710.200:ERROR:crash_report_database_win.cc(469)] failed to stat report
[0716/231710.200:ERROR:crash_report_database_win.cc(469)] failed to stat report
[0716/231710.200:ERROR:crash_report_database_win.cc(469)] failed to stat report
[0716/231710.200:ERROR:crash_report_database_win.cc(469)] failed to stat report
[0716/231710.201:ERROR:crash_report_database_win.cc(469)] failed to stat report
[0716/231710.201:ERROR:crash_report_database_win.cc(469)] failed to stat report
[0716/231710.201:ERROR:crash_report_database_win.cc(469)] failed to stat report
[0716/231710.201:ERROR:crash_report_database_win.cc(469)] failed to stat report
[0716/231710.201:ERROR:crash_report_database_win.cc(469)] failed to stat report
[0716/231710.201:ERROR:crash_report_database_win.cc(469)] failed to stat report
[0716/231710.201:ERROR:crash_report_database_win.cc(469)] failed to stat report
[0716/231710.201:ERROR:crash_report_database_win.cc(469)] failed to stat report
[0716/231710.201:ERROR:crash_report_database_win.cc(469)] failed to stat report
[0716/231710.201:ERROR:crash_report_database_win.cc(469)] failed to stat report
[0716/231710.201:ERROR:crash_report_database_win.cc(469)] failed to stat report
[0716/231710.201:ERROR:crash_report_database_win.cc(469)] failed to stat report
[0716/231710.201:ERROR:crash_report_database_win.cc(469)] failed to stat report
[0716/231710.201:ERROR:crash_report_database_win.cc(469)] failed to stat report
[0716/231710.201:ERROR:crash_report_database_win.cc(469)] failed to stat report
[0716/231710.201:ERROR:crash_report_database_win.cc(469)] failed to stat report
[0716/231710.201:ERROR:crash_report_database_win.cc(469)] failed to stat report
[0716/231710.201:ERROR:crash_report_database_win.cc(469)] failed to stat report
>>>>>>> 1dd534e1cbfc2fe144c77c35725dfd1a1c4a2a06
[0729/044439.324:ERROR:crash_report_database_win.cc(469)] failed to stat report
[0729/044439.324:ERROR:crash_report_database_win.cc(469)] failed to stat report
[0729/044439.324:ERROR:crash_report_database_win.cc(469)] failed to stat report
[0729/044439.324:ERROR:crash_report_database_win.cc(469)] failed to stat report
[0729/044439.324:ERROR:crash_report_database_win.cc(469)] failed to stat report
[0729/205707.823:ERROR:crash_report_database_win.cc(469)] failed to stat report
[0729/205707.825:ERROR:crash_report_database_win.cc(469)] failed to stat report
[0729/205707.825:ERROR:crash_report_database_win.cc(469)] failed to stat report
[0729/205707.825:ERROR:crash_report_database_win.cc(469)] failed to stat report
[0729/205707.825:ERROR:crash_report_database_win.cc(469)] failed to stat report
[0730/182520.720:ERROR:crash_report_database_win.cc(469)] failed to stat report
[0730/182520.736:ERROR:crash_report_database_win.cc(469)] failed to stat report
[0730/182520.736:ERROR:crash_report_database_win.cc(469)] failed to stat report
[0730/182520.736:ERROR:crash_report_database_win.cc(469)] failed to stat report
[0730/182520.736:ERROR:crash_report_database_win.cc(469)] failed to stat report
[0730/183520.722:ERROR:crash_report_database_win.cc(469)] failed to stat report
[0730/183520.729:ERROR:crash_report_database_win.cc(469)] failed to stat report
[0730/183520.729:ERROR:crash_report_database_win.cc(469)] failed to stat report
[0730/183520.729:ERROR:crash_report_database_win.cc(469)] failed to stat report
[0730/183520.729:ERROR:crash_report_database_win.cc(469)] failed to stat report
[0730/183520.731:ERROR:crash_report_database_win.cc(469)] failed to stat report
[0730/183520.731:ERROR:crash_report_database_win.cc(469)] failed to stat report
[0730/183520.731:ERROR:crash_report_database_win.cc(469)] failed to stat report
[0730/183520.731:ERROR:crash_report_database_win.cc(469)] failed to stat report
[0730/183520.731:ERROR:crash_report_database_win.cc(469)] failed to stat report
[0730/184020.745:ERROR:crash_report_database_win.cc(469)] failed to stat report
[0730/184020.745:ERROR:crash_report_database_win.cc(469)] failed to stat report
[0730/184020.745:ERROR:crash_report_database_win.cc(469)] failed to stat report
[0730/184020.745:ERROR:crash_report_database_win.cc(469)] failed to stat report
[0730/184020.745:ERROR:crash_report_database_win.cc(469)] failed to stat report
[0730/195736.092:ERROR:crash_report_database_win.cc(469)] failed to stat report
[0730/195736.092:ERROR:crash_report_database_win.cc(469)] failed to stat report
[0730/195736.092:ERROR:crash_report_database_win.cc(469)] failed to stat report
[0730/195736.092:ERROR:crash_report_database_win.cc(469)] failed to stat report
[0730/195736.092:ERROR:crash_report_database_win.cc(469)] failed to stat report
[0730/200736.099:ERROR:crash_report_database_win.cc(469)] failed to stat report
[0730/200736.100:ERROR:crash_report_database_win.cc(469)] failed to stat report
[0730/200736.100:ERROR:crash_report_database_win.cc(469)] failed to stat report
[0730/200736.100:ERROR:crash_report_database_win.cc(469)] failed to stat report
[0730/200736.100:ERROR:crash_report_database_win.cc(469)] failed to stat report
[0730/200736.102:ERROR:crash_report_database_win.cc(469)] failed to stat report
[0730/200736.102:ERROR:crash_report_database_win.cc(469)] failed to stat report
[0730/200736.102:ERROR:crash_report_database_win.cc(469)] failed to stat report
[0730/200736.102:ERROR:crash_report_database_win.cc(469)] failed to stat report
[0730/200736.102:ERROR:crash_report_database_win.cc(469)] failed to stat report
[0730/201236.093:ERROR:crash_report_database_win.cc(469)] failed to stat report
[0730/201236.093:ERROR:crash_report_database_win.cc(469)] failed to stat report
[0730/201236.093:ERROR:crash_report_database_win.cc(469)] failed to stat report
[0730/201236.093:ERROR:crash_report_database_win.cc(469)] failed to stat report
[0730/201236.093:ERROR:crash_report_database_win.cc(469)] failed to stat report
[0730/202736.103:ERROR:crash_report_database_win.cc(469)] failed to stat report
[0730/202736.103:ERROR:crash_report_database_win.cc(469)] failed to stat report
[0730/202736.103:ERROR:crash_report_database_win.cc(469)] failed to stat report
[0730/202736.103:ERROR:crash_report_database_win.cc(469)] failed to stat report
[0730/202736.103:ERROR:crash_report_database_win.cc(469)] failed to stat report
[0730/204412.540:ERROR:crash_report_database_win.cc(469)] failed to stat report
[0730/204412.540:ERROR:crash_report_database_win.cc(469)] failed to stat report
[0730/204412.540:ERROR:crash_report_database_win.cc(469)] failed to stat report
[0730/204412.540:ERROR:crash_report_database_win.cc(469)] failed to stat report
[0730/204412.540:ERROR:crash_report_database_win.cc(469)] failed to stat report
[0731/180902.493:ERROR:crash_report_database_win.cc(469)] failed to stat report
[0731/180902.493:ERROR:crash_report_database_win.cc(469)] failed to stat report
[0731/180902.493:ERROR:crash_report_database_win.cc(469)] failed to stat report
[0731/180902.493:ERROR:crash_report_database_win.cc(469)] failed to stat report
[0731/180902.493:ERROR:crash_report_database_win.cc(469)] failed to stat report
[0731/181902.489:ERROR:crash_report_database_win.cc(469)] failed to stat report
[0731/181902.489:ERROR:crash_report_database_win.cc(469)] failed to stat report
[0731/181902.489:ERROR:crash_report_database_win.cc(469)] failed to stat report
[0731/181902.489:ERROR:crash_report_database_win.cc(469)] failed to stat report
[0731/181902.489:ERROR:crash_report_database_win.cc(469)] failed to stat report
[0731/181902.489:ERROR:crash_report_database_win.cc(469)] failed to stat report
[0731/181902.489:ERROR:crash_report_database_win.cc(469)] failed to stat report
[0731/181902.489:ERROR:crash_report_database_win.cc(469)] failed to stat report
[0731/181902.489:ERROR:crash_report_database_win.cc(469)] failed to stat report
[0731/181902.489:ERROR:crash_report_database_win.cc(469)] failed to stat report
[0731/182402.495:ERROR:crash_report_database_win.cc(469)] failed to stat report
[0731/182402.495:ERROR:crash_report_database_win.cc(469)] failed to stat report
[0731/182402.495:ERROR:crash_report_database_win.cc(469)] failed to stat report
[0731/182402.495:ERROR:crash_report_database_win.cc(469)] failed to stat report
[0731/182402.495:ERROR:crash_report_database_win.cc(469)] failed to stat report
[0731/183902.505:ERROR:crash_report_database_win.cc(469)] failed to stat report
[0731/183902.505:ERROR:crash_report_database_win.cc(469)] failed to stat report
[0731/183902.505:ERROR:crash_report_database_win.cc(469)] failed to stat report
[0731/183902.505:ERROR:crash_report_database_win.cc(469)] failed to stat report
[0731/183902.505:ERROR:crash_report_database_win.cc(469)] failed to stat report
[0731/185402.517:ERROR:crash_report_database_win.cc(469)] failed to stat report
[0731/185402.517:ERROR:crash_report_database_win.cc(469)] failed to stat report
[0731/185402.517:ERROR:crash_report_database_win.cc(469)] failed to stat report
[0731/185402.517:ERROR:crash_report_database_win.cc(469)] failed to stat report
[0731/185402.517:ERROR:crash_report_database_win.cc(469)] failed to stat report
[0731/185453.924:ERROR:crash_report_database_win.cc(469)] failed to stat report
[0731/185453.924:ERROR:crash_report_database_win.cc(469)] failed to stat report
[0731/185453.924:ERROR:crash_report_database_win.cc(469)] failed to stat report
[0731/185453.924:ERROR:crash_report_database_win.cc(469)] failed to stat report
[0731/185453.924:ERROR:crash_report_database_win.cc(469)] failed to stat report
[0731/190453.926:ERROR:crash_report_database_win.cc(469)] failed to stat report
[0731/190453.926:ERROR:crash_report_database_win.cc(469)] failed to stat report
[0731/190453.926:ERROR:crash_report_database_win.cc(469)] failed to stat report
[0731/190453.926:ERROR:crash_report_database_win.cc(469)] failed to stat report
[0731/190453.926:ERROR:crash_report_database_win.cc(469)] failed to stat report
[0731/190453.927:ERROR:crash_report_database_win.cc(469)] failed to stat report
[0731/190453.927:ERROR:crash_report_database_win.cc(469)] failed to stat report
[0731/190453.927:ERROR:crash_report_database_win.cc(469)] failed to stat report
[0731/190453.927:ERROR:crash_report_database_win.cc(469)] failed to stat report
[0731/190453.927:ERROR:crash_report_database_win.cc(469)] failed to stat report
[0731/190953.929:ERROR:crash_report_database_win.cc(469)] failed to stat report
[0731/190953.929:ERROR:crash_report_database_win.cc(469)] failed to stat report
[0731/190953.929:ERROR:crash_report_database_win.cc(469)] failed to stat report
[0731/190953.929:ERROR:crash_report_database_win.cc(469)] failed to stat report
[0731/190953.929:ERROR:crash_report_database_win.cc(469)] failed to stat report
[0731/192453.943:ERROR:crash_report_database_win.cc(469)] failed to stat report
[0731/192453.943:ERROR:crash_report_database_win.cc(469)] failed to stat report
[0731/192453.943:ERROR:crash_report_database_win.cc(469)] failed to stat report
[0731/192453.943:ERROR:crash_report_database_win.cc(469)] failed to stat report
[0731/192453.943:ERROR:crash_report_database_win.cc(469)] failed to stat report
[0731/193953.949:ERROR:crash_report_database_win.cc(469)] failed to stat report
[0731/193953.949:ERROR:crash_report_database_win.cc(469)] failed to stat report
[0731/193953.949:ERROR:crash_report_database_win.cc(469)] failed to stat report
[0731/193953.949:ERROR:crash_report_database_win.cc(469)] failed to stat report
[0731/193953.949:ERROR:crash_report_database_win.cc(469)] failed to stat report
[0731/195453.960:ERROR:crash_report_database_win.cc(469)] failed to stat report
[0731/195453.960:ERROR:crash_report_database_win.cc(469)] failed to stat report
[0731/195453.960:ERROR:crash_report_database_win.cc(469)] failed to stat report
[0731/195453.960:ERROR:crash_report_database_win.cc(469)] failed to stat report
[0731/195453.960:ERROR:crash_report_database_win.cc(469)] failed to stat report
[0731/200953.974:ERROR:crash_report_database_win.cc(469)] failed to stat report
[0731/200953.974:ERROR:crash_report_database_win.cc(469)] failed to stat report
[0731/200953.974:ERROR:crash_report_database_win.cc(469)] failed to stat report
[0731/200953.974:ERROR:crash_report_database_win.cc(469)] failed to stat report
[0731/200953.974:ERROR:crash_report_database_win.cc(469)] failed to stat report
[0731/202453.987:ERROR:crash_report_database_win.cc(469)] failed to stat report
[0731/202453.987:ERROR:crash_report_database_win.cc(469)] failed to stat report
[0731/202453.987:ERROR:crash_report_database_win.cc(469)] failed to stat report
[0731/202453.987:ERROR:crash_report_database_win.cc(469)] failed to stat report
[0731/202453.987:ERROR:crash_report_database_win.cc(469)] failed to stat report
[0731/203954.001:ERROR:crash_report_database_win.cc(469)] failed to stat report
[0731/203954.001:ERROR:crash_report_database_win.cc(469)] failed to stat report
[0731/203954.001:ERROR:crash_report_database_win.cc(469)] failed to stat report
[0731/203954.001:ERROR:crash_report_database_win.cc(469)] failed to stat report
[0731/203954.001:ERROR:crash_report_database_win.cc(469)] failed to stat report
[0731/205454.015:ERROR:crash_report_database_win.cc(469)] failed to stat report
[0731/205454.016:ERROR:crash_report_database_win.cc(469)] failed to stat report
[0731/205454.016:ERROR:crash_report_database_win.cc(469)] failed to stat report
[0731/205454.016:ERROR:crash_report_database_win.cc(469)] failed to stat report
[0731/205454.017:ERROR:crash_report_database_win.cc(469)] failed to stat report
[0731/210948.914:ERROR:crash_report_database_win.cc(469)] failed to stat report
[0731/210948.914:ERROR:crash_report_database_win.cc(469)] failed to stat report
[0731/210948.914:ERROR:crash_report_database_win.cc(469)] failed to stat report
[0731/210948.914:ERROR:crash_report_database_win.cc(469)] failed to stat report
[0731/210948.914:ERROR:crash_report_database_win.cc(469)] failed to stat report
[0731/212448.923:ERROR:crash_report_database_win.cc(469)] failed to stat report
[0731/212448.923:ERROR:crash_report_database_win.cc(469)] failed to stat report
[0731/212448.923:ERROR:crash_report_database_win.cc(469)] failed to stat report
[0731/212448.923:ERROR:crash_report_database_win.cc(469)] failed to stat report
[0731/212448.923:ERROR:crash_report_database_win.cc(469)] failed to stat report
[0731/213948.936:ERROR:crash_report_database_win.cc(469)] failed to stat report
[0731/213948.936:ERROR:crash_report_database_win.cc(469)] failed to stat report
[0731/213948.936:ERROR:crash_report_database_win.cc(469)] failed to stat report
[0731/213948.936:ERROR:crash_report_database_win.cc(469)] failed to stat report
[0731/213948.936:ERROR:crash_report_database_win.cc(469)] failed to stat report
[0731/215448.950:ERROR:crash_report_database_win.cc(469)] failed to stat report
[0731/215448.951:ERROR:crash_report_database_win.cc(469)] failed to stat report
[0731/215448.951:ERROR:crash_report_database_win.cc(469)] failed to stat report
[0731/215448.951:ERROR:crash_report_database_win.cc(469)] failed to stat report
[0731/215448.951:ERROR:crash_report_database_win.cc(469)] failed to stat report
[0731/220948.956:ERROR:crash_report_database_win.cc(469)] failed to stat report
[0731/220948.956:ERROR:crash_report_database_win.cc(469)] failed to stat report
[0731/220948.956:ERROR:crash_report_database_win.cc(469)] failed to stat report
[0731/220948.956:ERROR:crash_report_database_win.cc(469)] failed to stat report
[0731/220948.956:ERROR:crash_report_database_win.cc(469)] failed to stat report
[0801/170504.761:ERROR:crash_report_database_win.cc(469)] failed to stat report
[0801/170504.764:ERROR:crash_report_database_win.cc(469)] failed to stat report
[0801/170504.764:ERROR:crash_report_database_win.cc(469)] failed to stat report
[0801/170504.764:ERROR:crash_report_database_win.cc(469)] failed to stat report
[0801/170504.764:ERROR:crash_report_database_win.cc(469)] failed to stat report
[0801/171504.762:ERROR:crash_report_database_win.cc(469)] failed to stat report
[0801/171504.762:ERROR:crash_report_database_win.cc(469)] failed to stat report
[0801/171504.762:ERROR:crash_report_database_win.cc(469)] failed to stat report
[0801/171504.762:ERROR:crash_report_database_win.cc(469)] failed to stat report
[0801/171504.762:ERROR:crash_report_database_win.cc(469)] failed to stat report
[0801/171504.763:ERROR:crash_report_database_win.cc(469)] failed to stat report
[0801/171504.763:ERROR:crash_report_database_win.cc(469)] failed to stat report
[0801/171504.763:ERROR:crash_report_database_win.cc(469)] failed to stat report
[0801/171504.763:ERROR:crash_report_database_win.cc(469)] failed to stat report
[0801/171504.764:ERROR:crash_report_database_win.cc(469)] failed to stat report
[0801/172004.767:ERROR:crash_report_database_win.cc(469)] failed to stat report
[0801/172004.767:ERROR:crash_report_database_win.cc(469)] failed to stat report
[0801/172004.767:ERROR:crash_report_database_win.cc(469)] failed to stat report
[0801/172004.767:ERROR:crash_report_database_win.cc(469)] failed to stat report
[0801/172004.768:ERROR:crash_report_database_win.cc(469)] failed to stat report
[0801/173504.772:ERROR:crash_report_database_win.cc(469)] failed to stat report
[0801/173504.772:ERROR:crash_report_database_win.cc(469)] failed to stat report
[0801/173504.772:ERROR:crash_report_database_win.cc(469)] failed to stat report
[0801/173504.773:ERROR:crash_report_database_win.cc(469)] failed to stat report
[0801/173504.773:ERROR:crash_report_database_win.cc(469)] failed to stat report
[0801/175004.776:ERROR:crash_report_database_win.cc(469)] failed to stat report
[0801/175004.776:ERROR:crash_report_database_win.cc(469)] failed to stat report
[0801/175004.776:ERROR:crash_report_database_win.cc(469)] failed to stat report
[0801/175004.776:ERROR:crash_report_database_win.cc(469)] failed to stat report
[0801/175004.776:ERROR:crash_report_database_win.cc(469)] failed to stat report
[0801/180504.777:ERROR:crash_report_database_win.cc(469)] failed to stat report
[0801/180504.777:ERROR:crash_report_database_win.cc(469)] failed to stat report
[0801/180504.777:ERROR:crash_report_database_win.cc(469)] failed to stat report
[0801/180504.777:ERROR:crash_report_database_win.cc(469)] failed to stat report
[0801/180504.777:ERROR:crash_report_database_win.cc(469)] failed to stat report
[0801/182004.780:ERROR:crash_report_database_win.cc(469)] failed to stat report
[0801/182004.780:ERROR:crash_report_database_win.cc(469)] failed to stat report
[0801/182004.781:ERROR:crash_report_database_win.cc(469)] failed to stat report
[0801/182004.781:ERROR:crash_report_database_win.cc(469)] failed to stat report
[0801/182004.781:ERROR:crash_report_database_win.cc(469)] failed to stat report
[0801/183504.784:ERROR:crash_report_database_win.cc(469)] failed to stat report
[0801/183504.784:ERROR:crash_report_database_win.cc(469)] failed to stat report
[0801/183504.784:ERROR:crash_report_database_win.cc(469)] failed to stat report
[0801/183504.785:ERROR:crash_report_database_win.cc(469)] failed to stat report
[0801/183504.785:ERROR:crash_report_database_win.cc(469)] failed to stat report
[0801/185206.392:ERROR:crash_report_database_win.cc(469)] failed to stat report
[0801/185206.392:ERROR:crash_report_database_win.cc(469)] failed to stat report
[0801/185206.393:ERROR:crash_report_database_win.cc(469)] failed to stat report
[0801/185206.393:ERROR:crash_report_database_win.cc(469)] failed to stat report
[0801/185206.393:ERROR:crash_report_database_win.cc(469)] failed to stat report
[0802/173957.854:ERROR:crash_report_database_win.cc(469)] failed to stat report
[0802/173957.856:ERROR:crash_report_database_win.cc(469)] failed to stat report
[0802/173957.856:ERROR:crash_report_database_win.cc(469)] failed to stat report
[0802/173957.856:ERROR:crash_report_database_win.cc(469)] failed to stat report
[0802/173957.856:ERROR:crash_report_database_win.cc(469)] failed to stat report
[0802/174957.857:ERROR:crash_report_database_win.cc(469)] failed to stat report
[0802/174957.859:ERROR:crash_report_database_win.cc(469)] failed to stat report
[0802/174957.859:ERROR:crash_report_database_win.cc(469)] failed to stat report
[0802/174957.859:ERROR:crash_report_database_win.cc(469)] failed to stat report
[0802/174957.859:ERROR:crash_report_database_win.cc(469)] failed to stat report
[0802/174957.860:ERROR:crash_report_database_win.cc(469)] failed to stat report
[0802/174957.860:ERROR:crash_report_database_win.cc(469)] failed to stat report
[0802/174957.860:ERROR:crash_report_database_win.cc(469)] failed to stat report
[0802/174957.860:ERROR:crash_report_database_win.cc(469)] failed to stat report
[0802/174957.860:ERROR:crash_report_database_win.cc(469)] failed to stat report
[0802/175457.858:ERROR:crash_report_database_win.cc(469)] failed to stat report
[0802/175457.858:ERROR:crash_report_database_win.cc(469)] failed to stat report
[0802/175457.858:ERROR:crash_report_database_win.cc(469)] failed to stat report
[0802/175457.858:ERROR:crash_report_database_win.cc(469)] failed to stat report
[0802/175457.858:ERROR:crash_report_database_win.cc(469)] failed to stat report
[0802/180957.861:ERROR:crash_report_database_win.cc(469)] failed to stat report
[0802/180957.861:ERROR:crash_report_database_win.cc(469)] failed to stat report
[0802/180957.861:ERROR:crash_report_database_win.cc(469)] failed to stat report
[0802/180957.861:ERROR:crash_report_database_win.cc(469)] failed to stat report
[0802/180957.862:ERROR:crash_report_database_win.cc(469)] failed to stat report
[0802/182457.864:ERROR:crash_report_database_win.cc(469)] failed to stat report
[0802/182457.864:ERROR:crash_report_database_win.cc(469)] failed to stat report
[0802/182457.864:ERROR:crash_report_database_win.cc(469)] failed to stat report
[0802/182457.864:ERROR:crash_report_database_win.cc(469)] failed to stat report
[0802/182457.864:ERROR:crash_report_database_win.cc(469)] failed to stat report
[0802/183957.867:ERROR:crash_report_database_win.cc(469)] failed to stat report
[0802/183957.868:ERROR:crash_report_database_win.cc(469)] failed to stat report
[0802/183957.868:ERROR:crash_report_database_win.cc(469)] failed to stat report
[0802/183957.868:ERROR:crash_report_database_win.cc(469)] failed to stat report
[0802/183957.868:ERROR:crash_report_database_win.cc(469)] failed to stat report
[0802/185453.753:ERROR:crash_report_database_win.cc(469)] failed to stat report
[0802/185453.754:ERROR:crash_report_database_win.cc(469)] failed to stat report
[0802/185453.754:ERROR:crash_report_database_win.cc(469)] failed to stat report
[0802/185453.754:ERROR:crash_report_database_win.cc(469)] failed to stat report
[0802/185453.754:ERROR:crash_report_database_win.cc(469)] failed to stat report
[0802/190953.761:ERROR:crash_report_database_win.cc(469)] failed to stat report
[0802/190953.762:ERROR:crash_report_database_win.cc(469)] failed to stat report
[0802/190953.763:ERROR:crash_report_database_win.cc(469)] failed to stat report
[0802/190953.763:ERROR:crash_report_database_win.cc(469)] failed to stat report
[0802/190953.763:ERROR:crash_report_database_win.cc(469)] failed to stat report
[0802/192453.770:ERROR:crash_report_database_win.cc(469)] failed to stat report
[0802/192453.770:ERROR:crash_report_database_win.cc(469)] failed to stat report
[0802/192453.770:ERROR:crash_report_database_win.cc(469)] failed to stat report
[0802/192453.770:ERROR:crash_report_database_win.cc(469)] failed to stat report
[0802/192453.770:ERROR:crash_report_database_win.cc(469)] failed to stat report
[0802/193953.785:ERROR:crash_report_database_win.cc(469)] failed to stat report
[0802/193953.785:ERROR:crash_report_database_win.cc(469)] failed to stat report
[0802/193953.785:ERROR:crash_report_database_win.cc(469)] failed to stat report
[0802/193953.785:ERROR:crash_report_database_win.cc(469)] failed to stat report
[0802/193953.785:ERROR:crash_report_database_win.cc(469)] failed to stat report
[0802/195453.786:ERROR:crash_report_database_win.cc(469)] failed to stat report
[0802/195453.786:ERROR:crash_report_database_win.cc(469)] failed to stat report
[0802/195453.786:ERROR:crash_report_database_win.cc(469)] failed to stat report
[0802/195453.786:ERROR:crash_report_database_win.cc(469)] failed to stat report
[0802/195453.786:ERROR:crash_report_database_win.cc(469)] failed to stat report
[0802/200953.787:ERROR:crash_report_database_win.cc(469)] failed to stat report
[0802/200953.788:ERROR:crash_report_database_win.cc(469)] failed to stat report
[0802/200953.788:ERROR:crash_report_database_win.cc(469)] failed to stat report
[0802/200953.788:ERROR:crash_report_database_win.cc(469)] failed to stat report
[0802/200953.788:ERROR:crash_report_database_win.cc(469)] failed to stat report
[0802/202453.795:ERROR:crash_report_database_win.cc(469)] failed to stat report
[0802/202453.796:ERROR:crash_report_database_win.cc(469)] failed to stat report
[0802/202453.796:ERROR:crash_report_database_win.cc(469)] failed to stat report
[0802/202453.796:ERROR:crash_report_database_win.cc(469)] failed to stat report
[0802/202453.796:ERROR:crash_report_database_win.cc(469)] failed to stat report
